<?xml version="1.0" encoding="UTF-8"?>
<!-- Generated by org.testng.reporters.JUnitReportReporter -->
<testsuite ignored="0" hostname="INLEN8520087517" failures="0" tests="2" name="com.app.tests.Apptest" time="60.444" errors="0" timestamp="09 Jan 2023 12:06:18 GMT" skipped="0">
  <testcase classname="com.app.tests.Apptest" name="verifyscenario4" time="16.955"/>
  <testcase classname="com.app.tests.Apptest" name="verifyscenario5" time="43.489"/>
</testsuite> <!-- com.app.tests.Apptest -->
